<?xml version="1.0" encoding="UTF-8"?>
<!-- Generated by org.testng.reporters.JUnitReportReporter -->
<testsuite hostname="LAPTOP-1SE3GBU9" failures="0" tests="2" name="com.QATestLab.NotePadTest" time="10.025" errors="0" timestamp="2023-08-12T03:19:49 IST" skipped="0">
  <testcase classname="com.QATestLab.NotePadTest" name="open_NewWindowFromFileMenu" time="0.693"/>
  <testcase classname="com.QATestLab.NotePadTest" name="typeOnNotePad" time="9.332"/>
</testsuite> <!-- com.QATestLab.NotePadTest -->
