<?xml version="1.0" encoding="UTF-8"?>
<!-- Generated by org.testng.reporters.JUnitReportReporter -->
<testsuite hostname="LAPTOP-1SE3GBU9" failures="0" tests="2" name="com.QATestLab.NotePadTest" time="16.152" errors="0" timestamp="2023-08-12T02:47:41 IST" skipped="0">
  <testcase classname="com.QATestLab.NotePadTest" name="open_NewWindowFromFileMenu" time="6.200"/>
  <testcase classname="com.QATestLab.NotePadTest" name="typeOnNotePad" time="9.952"/>
</testsuite> <!-- com.QATestLab.NotePadTest -->
